Blake --> (PPLS,96) 	 (NIP,90) 	 (IRR,80) 	 (IRP,47) 	 (IAML,65) 	 (ES,55) 	 (DISS,68) 	 (COC,48) 	 (ADBS,64) 	 (ABS,59)
Albright --> (SLIP,93) 	 (PPLS,45) 	 (IJP,100) 	 (DMR,51) 	 (CT,93) 	 (COPT,56) 	 (COC,81) 	 (CCN,84) 	 (ASR,42) 	 (ANLP,84) 	 (AGTA,47) 	 (ADBS,79) 	 (ABS,75)
Kian --> (TTS,55) 	 (SLIP,69) 	 (PM,86) 	 (DISS,54) 	 (CCN,83) 	 (BIO2,93) 	 (ADBS,42) 	 (ABS,71)
Alling --> (TTS,99) 	 (PPLS,63) 	 (NIP,48) 	 (IRR,83) 	 (INF1-CG,72) 	 (IJP,44) 	 (COC,77) 	 (CCN,77) 	 (BIO2,92) 	 (BIO1,97) 	 (AGTA,67) 	 (ABS,41)
Angel --> (SLIP,98) 	 (RTN,59) 	 (PPLS,95) 	 (HCI,99) 	 (EXC,53) 	 (ES,83) 	 (AR,61) 	 (AGTA,80) 	 (ADS,76)
Taylor --> (TTS,82) 	 (PPLS,73) 	 (IRP,52) 	 (IJP,47) 	 (IAML,74) 	 (COPT,94) 	 (COC,77) 	 (ASR,47) 	 (ABS,77)
Bernard --> (TTS,91) 	 (RTN,82) 	 (PM,74) 	 (IRP,40) 	 (EXC,77) 	 (DMR,84) 	 (DISS,42) 	 (AR,77) 	 (AGTA,72)
Daniella --> (TTS,89) 	 (PPLS,92) 	 (INF2D,73) 	 (COC,67) 	 (CCN,51) 	 (BIO1,88)
Alberts --> (TTS,90) 	 (IRP,66) 	 (INF2D,48) 	 (INF1-CG,80) 	 (ES,42) 	 (AV,59) 	 (ASR,70) 	 (AGTA,68) 	 (ABS,83)
Adey --> (TDD,94) 	 (RTN,42) 	 (PM,87) 	 (IRR,63) 	 (INF2D,96) 	 (INF1-CG,94) 	 (COPT,46) 	 (CCN,86) 	 (AR,43)
Taylor --> (TTS,75) 	 (SLIP,83) 	 (IAML,81) 	 (EXC,69) 	 (ES,68) 	 (DISS,63) 	 (COC,91) 	 (AR,44) 	 (ANLP,65) 	 (AGTA,95)
Alders --> (TTS,92) 	 (TDD,86) 	 (SLIP,82) 	 (RTN,87) 	 (INF2D,81) 	 (HCI,79) 	 (DISS,52) 	 (DAPA,78) 	 (CT,73) 	 (AGTA,86) 	 (ADS,93)
Alban --> (EXC,55) 	 (DISS,78) 	 (BIO1,42)
Allerton --> (TTS,75) 	 (PM,47) 	 (IRP,73) 	 (IAML,42) 	 (DISS,55) 	 (AV,82) 	 (AR,98) 	 (AGTA,56) 	 (ADS,86)
Aliff --> (TTS,62) 	 (PPLS,96) 	 (INF1-CG,97) 	 (IJP,99) 	 (ES,95) 	 (DISS,85) 	 (DAPA,80) 	 (BIO1,42) 	 (AV,48) 	 (AGTA,77) 	 (ADBS,97)
Allton --> (TTS,44) 	 (RTN,96) 	 (PPLS,47) 	 (IRP,49) 	 (INF2D,62) 	 (DAPA,49) 	 (COC,66) 	 (AV,87) 	 (ASR,71) 	 (ANLP,53) 	 (AGTA,60) 	 (ADBS,42)
Henry --> (TTS,56) 	 (TDD,74) 	 (NIP,84) 	 (INF1-CG,69) 	 (HCI,41) 	 (EXC,49) 	 (DAPA,89) 	 (COPT,91) 	 (BIO1,63) 	 (AV,98) 	 (ABS,41)
Jake --> (INF2D,51) 	 (INF1-CG,87) 	 (CCN,40) 	 (AR,92)
Deborah --> (TTS,73) 	 (SLIP,75) 	 (PM,42) 	 (IAML,97) 	 (DAPA,87) 	 (COC,67) 	 (CCN,75) 	 (ASR,79) 	 (ANLP,43) 	 (AGTA,87) 	 (ADS,73)
Rhys --> (TTS,92) 	 (RTN,45) 	 (PPLS,59) 	 (IRP,75) 	 (HCI,76) 	 (DMR,78) 	 (CT,44) 	 (BIO1,49) 	 (AV,48) 	 (AGTA,61) 	 (ADS,46) 	 (ABS,72)
